[INFO ]2023-11-20 10:22:29.925 [main]restUtils-***User sends request with BaseURL***
[INFO ]2023-11-20 10:23:45.892 [main]restUtils-***User sends request with BaseURL***
[INFO ]2023-11-20 10:25:34.966 [main]restUtils-***User sends request with BaseURL***
[INFO ]2023-11-20 10:28:38.826 [main]restUtils-***User sends request with BaseURL***
[INFO ]2023-11-20 10:36:43.153 [main]restUtils-***User sends request with BaseURL***
[INFO ]2023-11-20 10:43:08.706 [main]restUtils-***User sends request with BaseURL***
[INFO ]2023-11-20 10:48:30.397 [main]restUtils-***User sends request with BaseURL***
[INFO ]2023-11-20 10:50:59.687 [main]restUtils-***User sends request with BaseURL***
[INFO ]2023-11-20 10:54:34.696 [main]restUtils-***User sends request with BaseURL***
[INFO ]2023-11-20 10:55:51.514 [main]restUtils-***User sends request with BaseURL***
[INFO ]2023-11-20 10:57:51.245 [main]restUtils-***User sends request with BaseURL***
[INFO ]2023-11-20 11:07:42.883 [main]restUtils-***User sends request with BaseURL***
[INFO ]2023-11-20 11:10:11.471 [main]restUtils-***User sends request with BaseURL***
[INFO ]2023-11-20 11:12:33.334 [main]restUtils-***User sends request with BaseURL***
[INFO ]2023-11-20 11:20:13.829 [main]restUtils-***User sends request with BaseURL***
[INFO ]2023-11-20 11:29:05.676 [main]restUtils-***User sends request with BaseURL***
[INFO ]2023-11-20 11:39:11.266 [main]restUtils-***User sends request with BaseURL***
[INFO ]2023-11-20 11:44:54.457 [main]restUtils-***User sends request with BaseURL***
[INFO ]2023-11-20 11:46:38.282 [main]restUtils-***User sends request with BaseURL***
[INFO ]2023-11-20 11:46:42.138 [main]restUtils-***User sends request with BaseURL***
[INFO ]2023-11-20 12:02:40.085 [main]restUtils-***User sends request with BaseURL***
[INFO ]2023-11-20 12:06:04.579 [main]restUtils-***User sends request with BaseURL***
[INFO ]2023-11-20 12:08:31.244 [main]restUtils-***User sends request with BaseURL***
[INFO ]2023-11-20 12:18:37.849 [main]restUtils-***User sends request with BaseURL***
[INFO ]2023-11-20 12:25:05.393 [main]restUtils-***User sends request with BaseURL***
[INFO ]2023-11-20 12:30:07.827 [main]restUtils-***User sends request with BaseURL***
[INFO ]2023-11-20 12:31:19.032 [main]restUtils-***User sends request with BaseURL***
[INFO ]2023-11-20 13:01:52.861 [main]restUtils-***User sends request with BaseURL***
[INFO ]2023-11-20 13:02:33.323 [main]restUtils-***User sends request with BaseURL***
[INFO ]2023-11-20 13:12:58.377 [main]restUtils-***User sends request with BaseURL***
[INFO ]2023-11-20 13:13:23.361 [main]restUtils-***User sends request with BaseURL***
[INFO ]2023-11-20 13:22:08.569 [main]restUtils-***User sends request with BaseURL***
[INFO ]2023-11-20 13:22:54.910 [main]restUtils-***User sends request with BaseURL***
[INFO ]2023-11-20 13:23:15.872 [main]restUtils-***User sends request with BaseURL***
[INFO ]2023-11-20 13:27:17.700 [main]restUtils-***User sends request with BaseURL***
[INFO ]2023-11-20 13:34:23.309 [main]restUtils-***User sends request with BaseURL***
[INFO ]2023-11-20 13:35:36.981 [main]restUtils-***User sends request with BaseURL***
[INFO ]2023-11-20 13:36:44.449 [main]restUtils-***User sends request with BaseURL***
[INFO ]2023-11-20 13:38:39.194 [main]restUtils-***User sends request with BaseURL***
[INFO ]2023-11-20 13:39:36.276 [main]restUtils-***User sends request with BaseURL***
[INFO ]2023-11-20 13:43:17.814 [main]restUtils-***User sends request with BaseURL***
[INFO ]2023-11-20 13:44:33.949 [main]restUtils-***User sends request with BaseURL***
[INFO ]2023-11-20 13:46:29.814 [main]restUtils-***User sends request with BaseURL***
[INFO ]2023-11-20 13:47:58.831 [main]restUtils-***User sends request with BaseURL***
[INFO ]2023-11-20 13:49:29.418 [main]restUtils-***User sends request with BaseURL***
[INFO ]2023-11-20 13:51:27.455 [main]restUtils-***User sends request with BaseURL***
[INFO ]2023-11-20 13:51:58.311 [main]restUtils-***User sends request with BaseURL***
[INFO ]2023-11-20 13:55:49.667 [main]restUtils-***User sends request with BaseURL***
[INFO ]2023-11-20 13:56:24.761 [main]restUtils-***User sends request with BaseURL***
[INFO ]2023-11-20 13:57:26.320 [main]restUtils-***User sends request with BaseURL***
[INFO ]2023-11-20 14:02:53.594 [main]restUtils-***User sends request with BaseURL***
[INFO ]2023-11-20 14:04:49.571 [main]restUtils-***User sends request with BaseURL***
[INFO ]2023-11-20 14:05:26.134 [main]restUtils-***User sends request with BaseURL***
[INFO ]2023-11-20 14:06:41.576 [main]restUtils-***User sends request with BaseURL***
[INFO ]2023-11-20 14:06:45.300 [main]restUtils-***User sends request with BaseURL***
[INFO ]2023-11-20 14:07:38.192 [main]restUtils-***User sends request with BaseURL***
[INFO ]2023-11-20 14:07:42.181 [main]restUtils-***User sends request with BaseURL***
[INFO ]2023-11-20 14:53:00.313 [main]restUtils-***User sends request with BaseURL***
[INFO ]2023-11-20 15:37:39.696 [main]restUtils-***User sends request with BaseURL***
[INFO ]2023-11-20 15:39:11.167 [main]restUtils-***User sends request with BaseURL***
[INFO ]2023-11-20 15:42:33.232 [main]restUtils-***User sends request with BaseURL***
[INFO ]2023-11-20 15:44:37.103 [main]restUtils-***User sends request with BaseURL***
[INFO ]2023-11-20 15:51:06.868 [main]restUtils-***User sends request with BaseURL***
[INFO ]2023-11-20 15:57:44.656 [main]restUtils-***User sends request with BaseURL***
[INFO ]2023-11-20 16:02:35.677 [main]restUtils-***User sends request with BaseURL***
[INFO ]2023-11-20 16:04:02.901 [main]restUtils-***User sends request with BaseURL***
[INFO ]2023-11-20 16:05:32.183 [main]restUtils-***User sends request with BaseURL***
[INFO ]2023-11-20 16:08:08.501 [main]restUtils-***User sends request with BaseURL***
[INFO ]2023-11-20 16:11:47.301 [main]restUtils-***User sends request with BaseURL***
[INFO ]2023-11-20 16:12:35.177 [main]restUtils-***User sends request with BaseURL***
[INFO ]2023-11-20 16:27:03.919 [main]restUtils-***User sends request with BaseURL***
[INFO ]2023-11-20 16:30:08.896 [main]restUtils-***User sends request with BaseURL***
[INFO ]2023-11-20 16:51:00.285 [main]restUtils-***User sends request with BaseURL***
[INFO ]2023-11-20 17:00:22.074 [main]restUtils-***User sends request with BaseURL***
[INFO ]2023-11-20 17:01:36.824 [main]restUtils-***User sends request with BaseURL***
[INFO ]2023-11-20 17:07:22.551 [main]restUtils-***User sends request with BaseURL***
[INFO ]2023-11-20 17:08:43.121 [main]restUtils-***User sends request with BaseURL***
[INFO ]2023-11-20 17:09:31.611 [main]restUtils-***User sends request with BaseURL***
[INFO ]2023-11-20 17:09:35.395 [main]restUtils-***User sends request with BaseURL***
[INFO ]2023-11-20 21:02:03.382 [main]restUtils-***User sends request with BaseURL***
[INFO ]2023-11-20 21:04:24.109 [main]restUtils-***User sends request with BaseURL***
[INFO ]2023-11-20 21:06:53.773 [main]restUtils-***User sends request with BaseURL***
[INFO ]2023-11-20 21:08:57.298 [main]restUtils-***User sends request with BaseURL***
[INFO ]2023-11-20 21:10:08.658 [main]restUtils-***User sends request with BaseURL***
[INFO ]2023-11-20 21:11:35.243 [main]restUtils-***User sends request with BaseURL***
[INFO ]2023-11-20 21:12:15.618 [main]restUtils-***User sends request with BaseURL***
[INFO ]2023-11-20 21:13:06.978 [main]restUtils-***User sends request with BaseURL***
[INFO ]2023-11-20 21:20:52.457 [main]restUtils-***User sends request with BaseURL***
[INFO ]2023-11-20 21:23:42.277 [main]restUtils-***User sends request with BaseURL***
[INFO ]2023-11-20 21:25:10.517 [main]restUtils-***User sends request with BaseURL***
[INFO ]2023-11-20 21:25:15.925 [main]restUtils-***User sends request with BaseURL***
[INFO ]2023-11-20 21:31:17.448 [main]restUtils-***User sends request with BaseURL***
[INFO ]2023-11-20 21:33:58.899 [main]restUtils-***User sends request with BaseURL***
[INFO ]2023-11-20 21:35:11.612 [main]restUtils-***User sends request with BaseURL***
[INFO ]2023-11-20 21:35:16.913 [main]restUtils-***User sends request with BaseURL***
[INFO ]2023-11-20 21:38:32.870 [main]restUtils-***User sends request with BaseURL***
[INFO ]2023-11-20 21:38:38.081 [main]restUtils-***User sends request with BaseURL***
[INFO ]2023-11-20 21:39:30.091 [main]restUtils-***User sends request with BaseURL***
[INFO ]2023-11-20 21:39:35.328 [main]restUtils-***User sends request with BaseURL***
[INFO ]2023-11-20 21:40:06.268 [main]restUtils-***User sends request with BaseURL***
[INFO ]2023-11-20 21:40:11.366 [main]restUtils-***User sends request with BaseURL***
[INFO ]2023-11-20 21:51:37.333 [main]restUtils-***User sends request with BaseURL***
[INFO ]2023-11-20 21:51:42.507 [main]restUtils-***User sends request with BaseURL***
[INFO ]2023-11-20 21:57:28.386 [main]restUtils-***User sends request with BaseURL***
[INFO ]2023-11-20 21:57:34.079 [main]restUtils-***User sends request with BaseURL***
[INFO ]2023-11-20 21:59:22.370 [main]restUtils-***User sends request with BaseURL***
[INFO ]2023-11-20 21:59:27.692 [main]restUtils-***User sends request with BaseURL***
[INFO ]2023-11-20 22:05:35.351 [main]restUtils-***User sends request with BaseURL***
[INFO ]2023-11-20 22:05:40.387 [main]restUtils-***User sends request with BaseURL***
[INFO ]2023-11-20 22:05:41.537 [main]restUtils-***User sends request with BaseURL***
[INFO ]2023-11-20 22:20:34.665 [main]restUtils-***User sends request with BaseURL***
[INFO ]2023-11-20 22:20:39.868 [main]restUtils-***User sends request with BaseURL***
[INFO ]2023-11-20 22:20:41.042 [main]restUtils-***User sends request with BaseURL***
[INFO ]2023-11-20 22:22:16.468 [main]restUtils-***User sends request with BaseURL***
[INFO ]2023-11-20 22:22:20.514 [main]restUtils-***User sends request with BaseURL***
[INFO ]2023-11-20 23:08:04.296 [main]restUtils-***User sends request with BaseURL***
[INFO ]2023-11-20 23:08:11.884 [main]restUtils-***User sends request with BaseURL***
[INFO ]2023-11-20 23:08:12.317 [main]restUtils-***User sends request with BaseURL***
[INFO ]2023-11-20 23:09:34.480 [main]restUtils-***User sends request with BaseURL***
[INFO ]2023-11-20 23:09:41.156 [main]restUtils-***User sends request with BaseURL***
[INFO ]2023-11-20 23:09:42.421 [main]restUtils-***User sends request with BaseURL***
[INFO ]2023-11-20 23:11:02.563 [main]restUtils-***User sends request with BaseURL***
[INFO ]2023-11-20 23:11:10.103 [main]restUtils-***User sends request with BaseURL***
[INFO ]2023-11-20 23:11:11.253 [main]restUtils-***User sends request with BaseURL***
[INFO ]2023-11-20 23:21:17.350 [main]restUtils-***User sends request with BaseURL***
[INFO ]2023-11-20 23:21:24.957 [main]restUtils-***User sends request with BaseURL***
[INFO ]2023-11-20 23:23:39.794 [main]restUtils-***User sends request with BaseURL***
[INFO ]2023-11-20 23:23:46.818 [main]restUtils-***User sends request with BaseURL***
[INFO ]2023-11-20 23:28:35.845 [main]restUtils-***User sends request with BaseURL***
[INFO ]2023-11-20 23:28:43.429 [main]restUtils-***User sends request with BaseURL***
[INFO ]2023-11-20 23:32:04.204 [main]restUtils-***User sends request with BaseURL***
[INFO ]2023-11-20 23:32:11.644 [main]restUtils-***User sends request with BaseURL***
[INFO ]2023-11-20 23:34:41.262 [main]restUtils-***User sends request with BaseURL***
[INFO ]2023-11-20 23:34:48.360 [main]restUtils-***User sends request with BaseURL***
[INFO ]2023-11-20 23:36:35.700 [main]restUtils-***User sends request with BaseURL***
[INFO ]2023-11-20 23:36:44.978 [main]restUtils-***User sends request with BaseURL***
[INFO ]2023-11-20 23:40:33.654 [main]restUtils-***User sends request with BaseURL***
[INFO ]2023-11-20 23:40:40.915 [main]restUtils-***User sends request with BaseURL***
[INFO ]2023-11-20 23:41:34.934 [main]restUtils-***User sends request with BaseURL***
[INFO ]2023-11-20 23:41:42.266 [main]restUtils-***User sends request with BaseURL***
[INFO ]2023-11-20 23:46:19.888 [main]restUtils-***User sends request with BaseURL***
[INFO ]2023-11-20 23:46:27.857 [main]restUtils-***User sends request with BaseURL***
[INFO ]2023-11-20 23:47:04.777 [main]restUtils-***User sends request with BaseURL***
[INFO ]2023-11-20 23:47:32.896 [main]restUtils-***User sends request with BaseURL***
[INFO ]2023-11-20 23:47:56.716 [main]restUtils-***User sends request with BaseURL***
[INFO ]2023-11-20 23:54:34.654 [main]restUtils-***User sends request with BaseURL***
[INFO ]2023-11-20 23:55:48.032 [main]restUtils-***User sends request with BaseURL***
[INFO ]2023-11-21 00:00:49.378 [main]restUtils-***User sends request with BaseURL***
[INFO ]2023-11-21 00:01:53.077 [main]restUtils-***User sends request with BaseURL***
[INFO ]2023-11-21 00:02:01.448 [main]restUtils-***User sends request with BaseURL***
[INFO ]2023-11-21 00:02:59.473 [main]restUtils-***User sends request with BaseURL***
[INFO ]2023-11-21 00:07:25.242 [main]restUtils-***User sends request with BaseURL***
[INFO ]2023-11-21 00:15:36.060 [main]restUtils-***User sends request with BaseURL***
[INFO ]2023-11-21 00:15:40.428 [main]restUtils-***User sends request with BaseURL***
[INFO ]2023-11-21 00:16:09.722 [main]restUtils-***User sends request with BaseURL***
[INFO ]2023-11-21 00:16:43.492 [main]restUtils-***User sends request with BaseURL***
[INFO ]2023-11-21 00:21:26.387 [main]restUtils-***User sends request with BaseURL***
[INFO ]2023-11-21 00:21:30.754 [main]restUtils-***User sends request with BaseURL***
[INFO ]2023-11-21 00:23:24.877 [main]restUtils-***User sends request with BaseURL***
[INFO ]2023-11-21 00:23:28.639 [main]restUtils-***User sends request with BaseURL***
[INFO ]2023-11-21 00:24:17.157 [main]restUtils-***User sends request with BaseURL***
[INFO ]2023-11-21 00:24:24.154 [main]restUtils-***User sends request with BaseURL***
[INFO ]2023-11-21 00:25:05.122 [main]restUtils-***User sends request with BaseURL***
[INFO ]2023-11-21 00:25:16.570 [main]restUtils-***User sends request with BaseURL***
[INFO ]2023-11-21 00:25:16.991 [main]restUtils-***User sends request with BaseURL***
[INFO ]2023-11-21 00:26:58.929 [main]restUtils-***User sends request with BaseURL***
[INFO ]2023-11-21 00:27:08.561 [main]restUtils-***User sends request with BaseURL***
[INFO ]2023-11-21 00:27:09.009 [main]restUtils-***User sends request with BaseURL***
[INFO ]2023-11-21 00:27:09.462 [main]restUtils-***User sends request with BaseURL***
[INFO ]2023-11-21 00:30:36.878 [main]restUtils-***User sends request with BaseURL***
[INFO ]2023-11-21 00:30:44.766 [main]restUtils-***User sends request with BaseURL***
[INFO ]2023-11-21 00:30:45.212 [main]restUtils-***User sends request with BaseURL***
[INFO ]2023-11-21 00:30:45.630 [main]restUtils-***User sends request with BaseURL***
[INFO ]2023-11-21 00:39:10.536 [main]restUtils-***User sends request with BaseURL***
[INFO ]2023-11-21 00:39:19.877 [main]restUtils-***User sends request with BaseURL***
[INFO ]2023-11-21 00:39:22.156 [main]restUtils-***User sends request with BaseURL***
[INFO ]2023-11-21 00:39:25.966 [main]restUtils-***User sends request with BaseURL***
[INFO ]2023-11-21 00:40:14.262 [main]restUtils-***User sends request with BaseURL***
[INFO ]2023-11-21 00:40:23.072 [main]restUtils-***User sends request with BaseURL***
[INFO ]2023-11-21 00:40:26.439 [main]restUtils-***User sends request with BaseURL***
[INFO ]2023-11-21 00:40:28.689 [main]restUtils-***User sends request with BaseURL***
[INFO ]2023-11-21 00:54:10.432 [main]restUtils-***User sends request with BaseURL***
[INFO ]2023-11-21 00:54:17.829 [main]restUtils-***User sends request with BaseURL***
[INFO ]2023-11-21 00:54:19.701 [main]restUtils-***User sends request with BaseURL***
[INFO ]2023-11-21 00:54:22.350 [main]restUtils-***User sends request with BaseURL***
[INFO ]2023-11-21 00:56:03.939 [main]restUtils-***User sends request with BaseURL***
[INFO ]2023-11-21 00:56:11.675 [main]restUtils-***User sends request with BaseURL***
[INFO ]2023-11-21 00:56:13.873 [main]restUtils-***User sends request with BaseURL***
[INFO ]2023-11-21 00:56:16.497 [main]restUtils-***User sends request with BaseURL***
[INFO ]2023-11-21 01:00:44.977 [main]restUtils-***User sends request with BaseURL***
[INFO ]2023-11-21 01:00:51.787 [main]restUtils-***User sends request with BaseURL***
[INFO ]2023-11-21 01:02:47.268 [main]restUtils-***User sends request with BaseURL***
[INFO ]2023-11-21 01:02:55.068 [main]restUtils-***User sends request with BaseURL***
[INFO ]2023-11-21 01:04:51.107 [main]restUtils-***User sends request with BaseURL***
[INFO ]2023-11-21 01:04:58.509 [main]restUtils-***User sends request with BaseURL***
[INFO ]2023-11-21 01:06:41.524 [main]restUtils-***User sends request with BaseURL***
[INFO ]2023-11-21 01:06:49.724 [main]restUtils-***User sends request with BaseURL***
[INFO ]2023-11-21 01:07:53.146 [main]restUtils-***User sends request with BaseURL***
[INFO ]2023-11-21 01:08:00.399 [main]restUtils-***User sends request with BaseURL***
[INFO ]2023-11-21 01:08:36.798 [main]restUtils-***User sends request with BaseURL***
[INFO ]2023-11-21 01:08:43.570 [main]restUtils-***User sends request with BaseURL***
[INFO ]2023-11-21 01:08:44.063 [main]restUtils-***User sends request with BaseURL***
[INFO ]2023-11-21 01:08:44.487 [main]restUtils-***User sends request with BaseURL***
[INFO ]2023-11-21 01:12:31.250 [main]restUtils-***User sends request with BaseURL***
[INFO ]2023-11-21 01:16:13.497 [main]restUtils-***User sends request with BaseURL***
[INFO ]2023-11-21 01:16:29.138 [main]restUtils-***User sends request with BaseURL***
[INFO ]2023-11-21 01:17:06.816 [main]restUtils-***User sends request with BaseURL***
[INFO ]2023-11-21 01:17:14.692 [main]restUtils-***User sends request with BaseURL***
[INFO ]2023-11-21 01:24:35.485 [main]restUtils-***User sends request with BaseURL***
[INFO ]2023-11-21 01:24:42.928 [main]restUtils-***User sends request with BaseURL***
[INFO ]2023-11-21 01:28:26.490 [main]restUtils-***User sends request with BaseURL***
[INFO ]2023-11-21 01:28:33.101 [main]restUtils-***User sends request with BaseURL***
[INFO ]2023-11-21 01:31:08.692 [main]restUtils-***User sends request with BaseURL***
[INFO ]2023-11-21 01:31:17.084 [main]restUtils-***User sends request with BaseURL***
[INFO ]2023-11-21 01:31:56.339 [main]restUtils-***User sends request with BaseURL***
[INFO ]2023-11-21 01:32:03.654 [main]restUtils-***User sends request with BaseURL***
[INFO ]2023-11-21 01:35:23.239 [main]restUtils-***User sends request with BaseURL***
[INFO ]2023-11-21 01:35:30.240 [main]restUtils-***User sends request with BaseURL***
[INFO ]2023-11-21 01:36:45.695 [main]restUtils-***User sends request with BaseURL***
[INFO ]2023-11-21 01:36:52.898 [main]restUtils-***User sends request with BaseURL***
[INFO ]2023-11-21 01:38:53.210 [main]restUtils-***User sends request with BaseURL***
[INFO ]2023-11-21 01:39:00.776 [main]restUtils-***User sends request with BaseURL***
[INFO ]2023-11-21 01:45:17.737 [main]restUtils-***User sends request with BaseURL***
[INFO ]2023-11-21 01:45:25.713 [main]restUtils-***User sends request with BaseURL***
[INFO ]2023-11-21 01:45:26.989 [main]restUtils-***User sends request with BaseURL***
[INFO ]2023-11-21 01:45:27.407 [main]restUtils-***User sends request with BaseURL***
[INFO ]2023-11-21 01:46:41.408 [main]restUtils-***User sends request with BaseURL***
[INFO ]2023-11-21 01:46:49.509 [main]restUtils-***User sends request with BaseURL***
[INFO ]2023-11-21 01:46:50.779 [main]restUtils-***User sends request with BaseURL***
[INFO ]2023-11-21 01:46:51.161 [main]restUtils-***User sends request with BaseURL***
[INFO ]2023-11-21 01:57:08.507 [main]restUtils-***User sends request with BaseURL***
[INFO ]2023-11-21 01:57:16.984 [main]restUtils-***User sends request with BaseURL***
[INFO ]2023-11-21 01:57:19.584 [main]restUtils-***User sends request with BaseURL***
[INFO ]2023-11-21 01:57:21.326 [main]restUtils-***User sends request with BaseURL***
[INFO ]2023-11-21 01:57:23.100 [main]restUtils-***User sends request with BaseURL***
[INFO ]2023-11-21 01:57:25.246 [main]restUtils-***User sends request with BaseURL***
[INFO ]2023-11-21 01:57:27.213 [main]restUtils-***User sends request with BaseURL***
[INFO ]2023-11-21 01:57:28.439 [main]restUtils-***User sends request with BaseURL***
[INFO ]2023-11-21 01:57:29.673 [main]restUtils-***User sends request with BaseURL***
[INFO ]2023-11-21 01:57:30.821 [main]restUtils-***User sends request with BaseURL***
[INFO ]2023-11-21 01:57:31.920 [main]restUtils-***User sends request with BaseURL***
[INFO ]2023-11-21 01:57:33.412 [main]restUtils-***User sends request with BaseURL***
[INFO ]2023-11-21 01:57:35.520 [main]restUtils-***User sends request with BaseURL***
[INFO ]2023-11-21 01:57:37.833 [main]restUtils-***User sends request with BaseURL***
[INFO ]2023-11-21 01:57:39.896 [main]restUtils-***User sends request with BaseURL***
[INFO ]2023-11-21 01:57:41.705 [main]restUtils-***User sends request with BaseURL***
[INFO ]2023-11-21 01:57:43.875 [main]restUtils-***User sends request with BaseURL***
[INFO ]2023-11-21 01:57:46.295 [main]restUtils-***User sends request with BaseURL***
[INFO ]2023-11-21 01:57:48.877 [main]restUtils-***User sends request with BaseURL***
[INFO ]2023-11-21 01:57:50.814 [main]restUtils-***User sends request with BaseURL***
[INFO ]2023-11-21 01:57:51.838 [main]restUtils-***User sends request with BaseURL***
[INFO ]2023-11-21 01:57:52.292 [main]restUtils-***User sends request with BaseURL***
[INFO ]2023-11-21 02:06:28.742 [main]restUtils-***User sends request with BaseURL***
[INFO ]2023-11-21 02:06:36.548 [main]restUtils-***User sends request with BaseURL***
[INFO ]2023-11-21 02:06:38.550 [main]restUtils-***User sends empty first name and last name ***
[INFO ]2023-11-21 02:06:38.577 [main]restUtils-***User sends request with BaseURL***
[INFO ]2023-11-21 02:06:40.324 [main]restUtils-***User sends invalid food category ***
[INFO ]2023-11-21 02:06:40.346 [main]restUtils-***User sends request with BaseURL***
[INFO ]2023-11-21 02:06:42.292 [main]restUtils-***User sends Invalid Contact no and Email ***
[INFO ]2023-11-21 02:06:42.315 [main]restUtils-***User sends request with BaseURL***
[INFO ]2023-11-21 02:06:44.521 [main]restUtils-***User sends Invalid Email and DOB ***
[INFO ]2023-11-21 02:06:44.541 [main]restUtils-***User sends request with BaseURL***
[INFO ]2023-11-21 02:06:46.426 [main]restUtils-***User sends duplicate contact and dateofbirth ***
[INFO ]2023-11-21 02:06:46.447 [main]restUtils-***User sends request with BaseURL***
[INFO ]2023-11-21 02:06:47.660 [main]restUtils-***User sends invalid File upload ***
[INFO ]2023-11-21 02:06:47.689 [main]restUtils-***User sends request with BaseURL***
[INFO ]2023-11-21 02:06:48.830 [main]restUtils-***User sends without uploading file ***
[INFO ]2023-11-21 02:06:48.838 [main]restUtils-***User sends request with BaseURL***
[INFO ]2023-11-21 02:06:49.272 [main]restUtils-***User sends get HTTPS Request ***
[INFO ]2023-11-21 02:06:50.061 [main]restUtils-***User sends request with BaseURL***
[INFO ]2023-11-21 02:06:50.501 [main]restUtils-***User sends get HTTPS Request valid id ***
[INFO ]2023-11-21 02:06:51.187 [main]restUtils-***User sends request with BaseURL***
[INFO ]2023-11-21 02:06:51.619 [main]restUtils-***User sends get HTTPS Request valid fileid ***
[INFO ]2023-11-21 02:06:52.784 [main]restUtils-***User sends request with BaseURL***
[INFO ]2023-11-21 02:06:53.240 [main]restUtils-***User sends put HTTPS Request valid  ***
[INFO ]2023-11-21 02:06:55.632 [main]restUtils-***User sends request with BaseURL***
[INFO ]2023-11-21 02:06:56.074 [main]restUtils-***User sends put HTTPS Request invalid id  ***
[INFO ]2023-11-21 02:06:57.334 [main]restUtils-***User sends request with BaseURL***
[INFO ]2023-11-21 02:06:57.700 [main]restUtils-***User sends put HTTPS Request empty dob  ***
[INFO ]2023-11-21 02:06:59.191 [main]restUtils-***User sends request with BaseURL***
[INFO ]2023-11-21 02:06:59.573 [main]restUtils-***User sends put HTTPS Request incorrect dob  ***
[INFO ]2023-11-21 02:07:01.331 [main]restUtils-***User sends request with BaseURL***
[INFO ]2023-11-21 02:07:01.763 [main]restUtils-***User sends put HTTPS Request email empty  ***
[INFO ]2023-11-21 02:07:03.375 [main]restUtils-***User sends request with BaseURL***
[INFO ]2023-11-21 02:07:03.805 [main]restUtils-***User sends put HTTPS Request incorrect food category  ***
[INFO ]2023-11-21 02:07:05.240 [main]restUtils-***User sends request with BaseURL***
[INFO ]2023-11-21 02:07:05.661 [main]restUtils-***User sends put HTTPS Request incorrect food allergy  ***
[INFO ]2023-11-21 02:07:08.290 [main]restUtils-***User sends request with BaseURL***
[INFO ]2023-11-21 02:07:08.688 [main]restUtils-***User sends put HTTPS Request contact number field empty  ***
[INFO ]2023-11-21 02:07:10.287 [main]restUtils-***User sends request with BaseURL***
[INFO ]2023-11-21 02:07:10.663 [main]restUtils-***User sends delete HTTPS Request with valid patientid  ***
[INFO ]2023-11-21 02:07:11.339 [main]restUtils-***User sends request with BaseURL***
[INFO ]2023-11-21 02:07:11.708 [main]restUtils-***User sends request with BaseURL***
[INFO ]2023-11-21 02:07:12.099 [main]restUtils-***User sends delete HTTPS Request with invalid patientid  ***
[INFO ]2023-11-21 02:11:55.315 [main]restUtils-***User sends request with BaseURL***
[INFO ]2023-11-21 02:12:02.194 [main]restUtils-***User sends request with BaseURL***
[INFO ]2023-11-21 02:12:04.271 [main]restUtils-***User sends empty first name and last name ***
[INFO ]2023-11-21 02:12:04.315 [main]restUtils-***User sends request with BaseURL***
[INFO ]2023-11-21 02:12:06.048 [main]restUtils-***User sends invalid food category ***
[INFO ]2023-11-21 02:12:06.074 [main]restUtils-***User sends request with BaseURL***
[INFO ]2023-11-21 02:12:07.816 [main]restUtils-***User sends Invalid Contact no and Email ***
[INFO ]2023-11-21 02:12:07.835 [main]restUtils-***User sends request with BaseURL***
[INFO ]2023-11-21 02:12:09.548 [main]restUtils-***User sends Invalid Email and DOB ***
[INFO ]2023-11-21 02:12:09.571 [main]restUtils-***User sends request with BaseURL***
[INFO ]2023-11-21 02:12:11.336 [main]restUtils-***User sends duplicate contact and dateofbirth ***
[INFO ]2023-11-21 02:12:11.355 [main]restUtils-***User sends request with BaseURL***
[INFO ]2023-11-21 02:12:12.479 [main]restUtils-***User sends invalid File upload ***
[INFO ]2023-11-21 02:12:12.507 [main]restUtils-***User sends request with BaseURL***
[INFO ]2023-11-21 02:12:13.632 [main]restUtils-***User sends without uploading file ***
[INFO ]2023-11-21 02:12:13.640 [main]restUtils-***User sends request with BaseURL***
[INFO ]2023-11-21 02:12:14.026 [main]restUtils-***User sends get HTTPS Request ***
[INFO ]2023-11-21 02:12:14.748 [main]restUtils-***User sends request with BaseURL***
[INFO ]2023-11-21 02:12:15.153 [main]restUtils-***User sends get HTTPS Request valid id ***
[INFO ]2023-11-21 02:12:15.834 [main]restUtils-***User sends request with BaseURL***
[INFO ]2023-11-21 02:12:16.215 [main]restUtils-***User sends get HTTPS Request valid fileid ***
[INFO ]2023-11-21 02:12:17.285 [main]restUtils-***User sends request with BaseURL***
[INFO ]2023-11-21 02:12:17.712 [main]restUtils-***User sends put HTTPS Request valid  ***
[INFO ]2023-11-21 02:12:19.398 [main]restUtils-***User sends request with BaseURL***
[INFO ]2023-11-21 02:12:19.760 [main]restUtils-***User sends put HTTPS Request invalid id  ***
[INFO ]2023-11-21 02:12:21.016 [main]restUtils-***User sends request with BaseURL***
[INFO ]2023-11-21 02:12:21.407 [main]restUtils-***User sends put HTTPS Request empty dob  ***
[INFO ]2023-11-21 02:12:22.985 [main]restUtils-***User sends request with BaseURL***
[INFO ]2023-11-21 02:12:23.335 [main]restUtils-***User sends put HTTPS Request incorrect dob  ***
[INFO ]2023-11-21 02:12:25.663 [main]restUtils-***User sends request with BaseURL***
[INFO ]2023-11-21 02:12:26.118 [main]restUtils-***User sends put HTTPS Request email empty  ***
[INFO ]2023-11-21 02:12:27.379 [main]restUtils-***User sends request with BaseURL***
[INFO ]2023-11-21 02:12:27.834 [main]restUtils-***User sends put HTTPS Request incorrect food category  ***
[INFO ]2023-11-21 02:12:29.150 [main]restUtils-***User sends request with BaseURL***
[INFO ]2023-11-21 02:12:29.529 [main]restUtils-***User sends put HTTPS Request incorrect food allergy  ***
[INFO ]2023-11-21 02:12:31.800 [main]restUtils-***User sends request with BaseURL***
[INFO ]2023-11-21 02:12:32.288 [main]restUtils-***User sends put HTTPS Request contact number field empty  ***
[INFO ]2023-11-21 02:12:33.549 [main]restUtils-***User sends request with BaseURL***
[INFO ]2023-11-21 02:12:33.908 [main]restUtils-***User sends delete HTTPS Request with valid patientid  ***
[INFO ]2023-11-21 02:12:34.642 [main]restUtils-***User sends request with BaseURL***
[INFO ]2023-11-21 02:12:35.104 [main]restUtils-***User sends request with BaseURL***
[INFO ]2023-11-21 02:12:35.463 [main]restUtils-***User sends delete HTTPS Request with invalid patientid  ***
[INFO ]2023-11-21 02:16:45.087 [main]restUtils-***User sends request with BaseURL***
[INFO ]2023-11-21 02:16:52.089 [main]restUtils-***User sends request with BaseURL***
[INFO ]2023-11-21 02:16:54.244 [main]restUtils-***User sends empty first name and last name ***
[INFO ]2023-11-21 02:16:54.270 [main]restUtils-***User sends request with BaseURL***
[INFO ]2023-11-21 02:16:56.034 [main]restUtils-***User sends invalid food category ***
[INFO ]2023-11-21 02:16:56.058 [main]restUtils-***User sends request with BaseURL***
[INFO ]2023-11-21 02:16:59.237 [main]restUtils-***User sends Invalid Contact no and Email ***
[INFO ]2023-11-21 02:16:59.258 [main]restUtils-***User sends request with BaseURL***
[INFO ]2023-11-21 02:17:01.315 [main]restUtils-***User sends Invalid Email and DOB ***
[INFO ]2023-11-21 02:17:01.335 [main]restUtils-***User sends request with BaseURL***
[INFO ]2023-11-21 02:17:03.221 [main]restUtils-***User sends duplicate contact and dateofbirth ***
[INFO ]2023-11-21 02:17:03.242 [main]restUtils-***User sends request with BaseURL***
[INFO ]2023-11-21 02:17:04.391 [main]restUtils-***User sends invalid File upload ***
[INFO ]2023-11-21 02:17:04.420 [main]restUtils-***User sends request with BaseURL***
[INFO ]2023-11-21 02:17:05.576 [main]restUtils-***User sends without uploading file ***
[INFO ]2023-11-21 02:17:05.586 [main]restUtils-***User sends request with BaseURL***
[INFO ]2023-11-21 02:17:05.942 [main]restUtils-***User sends get HTTPS Request ***
[INFO ]2023-11-21 02:17:06.651 [main]restUtils-***User sends request with BaseURL***
[INFO ]2023-11-21 02:17:07.030 [main]restUtils-***User sends get HTTPS Request valid id ***
[INFO ]2023-11-21 02:17:07.691 [main]restUtils-***User sends request with BaseURL***
[INFO ]2023-11-21 02:17:08.063 [main]restUtils-***User sends get HTTPS Request valid fileid ***
[INFO ]2023-11-21 02:17:09.077 [main]restUtils-***User sends request with BaseURL***
[INFO ]2023-11-21 02:17:09.478 [main]restUtils-***User sends put HTTPS Request valid  ***
[INFO ]2023-11-21 02:17:11.780 [main]restUtils-***User sends request with BaseURL***
[INFO ]2023-11-21 02:17:12.166 [main]restUtils-***User sends put HTTPS Request invalid id  ***
[INFO ]2023-11-21 02:17:14.229 [main]restUtils-***User sends request with BaseURL***
[INFO ]2023-11-21 02:17:14.639 [main]restUtils-***User sends put HTTPS Request empty dob  ***
[INFO ]2023-11-21 02:17:16.143 [main]restUtils-***User sends request with BaseURL***
[INFO ]2023-11-21 02:17:16.536 [main]restUtils-***User sends put HTTPS Request incorrect dob  ***
[INFO ]2023-11-21 02:17:18.252 [main]restUtils-***User sends request with BaseURL***
[INFO ]2023-11-21 02:17:18.658 [main]restUtils-***User sends put HTTPS Request email empty  ***
[INFO ]2023-11-21 02:17:20.195 [main]restUtils-***User sends request with BaseURL***
[INFO ]2023-11-21 02:17:20.587 [main]restUtils-***User sends put HTTPS Request incorrect food category  ***
[INFO ]2023-11-21 02:17:22.593 [main]restUtils-***User sends request with BaseURL***
[INFO ]2023-11-21 02:17:22.953 [main]restUtils-***User sends put HTTPS Request incorrect food allergy  ***
[INFO ]2023-11-21 02:17:25.216 [main]restUtils-***User sends request with BaseURL***
[INFO ]2023-11-21 02:17:25.603 [main]restUtils-***User sends put HTTPS Request contact number field empty  ***
[INFO ]2023-11-21 02:17:26.692 [main]restUtils-***User sends request with BaseURL***
[INFO ]2023-11-21 02:17:27.066 [main]restUtils-***User sends delete HTTPS Request with valid patientid  ***
[INFO ]2023-11-21 02:17:27.726 [main]restUtils-***User sends request with BaseURL***
[INFO ]2023-11-21 02:17:28.080 [main]restUtils-***User sends request with BaseURL***
[INFO ]2023-11-21 02:17:28.477 [main]restUtils-***User sends delete HTTPS Request with invalid patientid  ***
[INFO ]2023-11-21 02:22:38.547 [main]restUtils-***User sends request with BaseURL***
[INFO ]2023-11-21 02:23:13.739 [main]restUtils-***User sends request with BaseURL***
[INFO ]2023-11-21 02:23:20.696 [main]restUtils-***User sends request with BaseURL***
[INFO ]2023-11-21 02:23:23.202 [main]restUtils-***User sends empty first name and last name ***
[INFO ]2023-11-21 02:23:45.294 [main]restUtils-***User sends request with BaseURL***
[INFO ]2023-11-21 02:23:52.134 [main]restUtils-***User sends request with BaseURL***
[INFO ]2023-11-21 02:23:53.909 [main]restUtils-***User sends empty first name and last name ***
[INFO ]2023-11-21 02:23:53.937 [main]restUtils-***User sends request with BaseURL***
[INFO ]2023-11-21 02:23:56.049 [main]restUtils-***User sends invalid food category ***
[INFO ]2023-11-21 02:28:54.100 [main]restUtils-***User sends request with BaseURL***
[INFO ]2023-11-21 02:29:02.100 [main]restUtils-***User sends request with BaseURL***
[INFO ]2023-11-21 02:29:03.981 [main]restUtils-***User sends empty first name and last name ***
[INFO ]2023-11-21 02:29:04.014 [main]restUtils-***User sends request with BaseURL***
[INFO ]2023-11-21 02:29:06.404 [main]restUtils-***User sends invalid food category ***
[INFO ]2023-11-21 02:30:31.210 [main]restUtils-***User sends request with BaseURL***
[INFO ]2023-11-21 02:30:38.224 [main]restUtils-***User sends request with BaseURL***
[INFO ]2023-11-21 02:30:40.304 [main]restUtils-***User sends empty first name and last name ***
[INFO ]2023-11-21 02:30:40.337 [main]restUtils-***User sends request with BaseURL***
[INFO ]2023-11-21 02:30:42.055 [main]restUtils-***User sends invalid food category ***
[INFO ]2023-11-21 02:34:45.475 [main]restUtils-***User sends request with BaseURL***
[INFO ]2023-11-21 02:34:52.886 [main]restUtils-***User sends request with BaseURL***
[INFO ]2023-11-21 02:34:55.190 [main]restUtils-***User sends empty first name and last name ***
[INFO ]2023-11-21 02:34:55.224 [main]restUtils-***User sends request with BaseURL***
[INFO ]2023-11-21 02:34:57.961 [main]restUtils-***User sends invalid food category ***
[INFO ]2023-11-21 02:38:46.802 [main]restUtils-***User sends request with BaseURL***
[INFO ]2023-11-21 02:38:53.862 [main]restUtils-***User sends request with BaseURL***
[INFO ]2023-11-21 02:38:55.904 [main]restUtils-***User sends empty first name and last name ***
[INFO ]2023-11-21 02:38:55.930 [main]restUtils-***User sends request with BaseURL***
[INFO ]2023-11-21 02:38:58.611 [main]restUtils-***User sends invalid food category ***
[INFO ]2023-11-21 02:39:34.726 [main]restUtils-***User sends request with BaseURL***
[INFO ]2023-11-21 02:39:42.025 [main]restUtils-***User sends request with BaseURL***
[INFO ]2023-11-21 02:39:44.446 [main]restUtils-***User sends empty first name and last name ***
[INFO ]2023-11-21 02:39:44.474 [main]restUtils-***User sends request with BaseURL***
[INFO ]2023-11-21 02:39:46.360 [main]restUtils-***User sends invalid food category ***
[INFO ]2023-11-21 02:39:46.384 [main]restUtils-***User sends request with BaseURL***
[INFO ]2023-11-21 02:39:48.204 [main]restUtils-***User sends Invalid Contact no and Email ***
[INFO ]2023-11-21 02:39:48.224 [main]restUtils-***User sends request with BaseURL***
[INFO ]2023-11-21 02:39:49.961 [main]restUtils-***User sends Invalid Email and DOB ***
[INFO ]2023-11-21 02:39:49.981 [main]restUtils-***User sends request with BaseURL***
[INFO ]2023-11-21 02:39:52.644 [main]restUtils-***User sends duplicate contact and dateofbirth ***
[INFO ]2023-11-21 02:39:52.663 [main]restUtils-***User sends request with BaseURL***
[INFO ]2023-11-21 02:39:53.763 [main]restUtils-***User sends invalid File upload ***
[INFO ]2023-11-21 02:39:53.795 [main]restUtils-***User sends request with BaseURL***
[INFO ]2023-11-21 02:39:54.934 [main]restUtils-***User sends without uploading file ***
[INFO ]2023-11-21 02:41:23.286 [main]restUtils-***User sends request with BaseURL***
[INFO ]2023-11-21 02:41:31.641 [main]restUtils-***User sends request with BaseURL***
[INFO ]2023-11-21 02:41:33.446 [main]restUtils-***User sends empty first name and last name ***
[INFO ]2023-11-21 02:41:33.475 [main]restUtils-***User sends request with BaseURL***
[INFO ]2023-11-21 02:41:36.170 [main]restUtils-***User sends invalid food category ***
[INFO ]2023-11-21 02:41:36.194 [main]restUtils-***User sends request with BaseURL***
[INFO ]2023-11-21 02:41:38.560 [main]restUtils-***User sends Invalid Contact no and Email ***
[INFO ]2023-11-21 02:42:06.266 [main]restUtils-***User sends request with BaseURL***
[INFO ]2023-11-21 02:42:13.116 [main]restUtils-***User sends request with BaseURL***
[INFO ]2023-11-21 02:42:14.780 [main]restUtils-***User sends empty first name and last name ***
[INFO ]2023-11-21 02:42:14.807 [main]restUtils-***User sends request with BaseURL***
[INFO ]2023-11-21 02:42:16.814 [main]restUtils-***User sends invalid food category ***
[INFO ]2023-11-21 02:42:16.835 [main]restUtils-***User sends request with BaseURL***
[INFO ]2023-11-21 02:42:19.882 [main]restUtils-***User sends Invalid Contact no and Email ***
[INFO ]2023-11-21 02:42:19.906 [main]restUtils-***User sends request with BaseURL***
[INFO ]2023-11-21 02:42:21.632 [main]restUtils-***User sends Invalid Email and DOB ***
[INFO ]2023-11-21 02:42:21.655 [main]restUtils-***User sends request with BaseURL***
[INFO ]2023-11-21 02:42:23.196 [main]restUtils-***User sends duplicate contact and dateofbirth ***
[INFO ]2023-11-21 02:42:50.252 [main]restUtils-***User sends request with BaseURL***
[INFO ]2023-11-21 02:42:57.668 [main]restUtils-***User sends request with BaseURL***
[INFO ]2023-11-21 02:42:59.448 [main]restUtils-***User sends empty first name and last name ***
[INFO ]2023-11-21 02:42:59.474 [main]restUtils-***User sends request with BaseURL***
[INFO ]2023-11-21 02:43:01.265 [main]restUtils-***User sends invalid food category ***
[INFO ]2023-11-21 02:43:01.288 [main]restUtils-***User sends request with BaseURL***
[INFO ]2023-11-21 02:43:02.868 [main]restUtils-***User sends Invalid Contact no and Email ***
[INFO ]2023-11-21 02:43:02.890 [main]restUtils-***User sends request with BaseURL***
[INFO ]2023-11-21 02:43:04.527 [main]restUtils-***User sends Invalid Email and DOB ***
[INFO ]2023-11-21 02:43:04.546 [main]restUtils-***User sends request with BaseURL***
[INFO ]2023-11-21 02:43:06.576 [main]restUtils-***User sends duplicate contact and dateofbirth ***
[INFO ]2023-11-21 02:43:06.595 [main]restUtils-***User sends request with BaseURL***
[INFO ]2023-11-21 02:43:07.862 [main]restUtils-***User sends invalid File upload ***
[INFO ]2023-11-21 02:43:07.891 [main]restUtils-***User sends request with BaseURL***
[INFO ]2023-11-21 02:43:09.013 [main]restUtils-***User sends without uploading file ***
[INFO ]2023-11-21 02:46:00.655 [main]restUtils-***User sends request with BaseURL***
[INFO ]2023-11-21 02:46:06.958 [main]restUtils-***User sends request with BaseURL***
[INFO ]2023-11-21 02:46:09.030 [main]restUtils-***User sends empty first name and last name ***
[INFO ]2023-11-21 02:46:09.058 [main]restUtils-***User sends request with BaseURL***
[INFO ]2023-11-21 02:46:10.726 [main]restUtils-***User sends invalid food category ***
[INFO ]2023-11-21 02:46:10.749 [main]restUtils-***User sends request with BaseURL***
[INFO ]2023-11-21 02:46:12.733 [main]restUtils-***User sends Invalid Contact no and Email ***
[INFO ]2023-11-21 02:46:12.756 [main]restUtils-***User sends request with BaseURL***
[INFO ]2023-11-21 02:46:15.285 [main]restUtils-***User sends Invalid Email and DOB ***
[INFO ]2023-11-21 02:46:15.307 [main]restUtils-***User sends request with BaseURL***
[INFO ]2023-11-21 02:46:17.954 [main]restUtils-***User sends duplicate contact and dateofbirth ***
[INFO ]2023-11-21 02:46:17.999 [main]restUtils-***User sends request with BaseURL***
[INFO ]2023-11-21 02:46:19.534 [main]restUtils-***User sends invalid File upload ***
[INFO ]2023-11-21 02:46:19.543 [main]restUtils-***User sends request with BaseURL***
[INFO ]2023-11-21 02:46:20.654 [main]restUtils-***User sends without uploading file ***
[INFO ]2023-11-21 02:48:08.739 [main]restUtils-***User sends request with BaseURL***
[INFO ]2023-11-21 02:48:16.224 [main]restUtils-***User sends request with BaseURL***
[INFO ]2023-11-21 02:48:18.095 [main]restUtils-***User sends empty first name and last name ***
[INFO ]2023-11-21 02:48:18.120 [main]restUtils-***User sends request with BaseURL***
[INFO ]2023-11-21 02:48:19.844 [main]restUtils-***User sends invalid food category ***
[INFO ]2023-11-21 02:48:19.866 [main]restUtils-***User sends request with BaseURL***
[INFO ]2023-11-21 02:48:22.337 [main]restUtils-***User sends Invalid Contact no and Email ***
[INFO ]2023-11-21 02:48:22.358 [main]restUtils-***User sends request with BaseURL***
[INFO ]2023-11-21 02:48:24.453 [main]restUtils-***User sends Invalid Email and DOB ***
[INFO ]2023-11-21 02:48:24.477 [main]restUtils-***User sends request with BaseURL***
[INFO ]2023-11-21 02:48:26.481 [main]restUtils-***User sends duplicate contact and dateofbirth ***
[INFO ]2023-11-21 02:48:26.499 [main]restUtils-***User sends request with BaseURL***
[INFO ]2023-11-21 02:48:27.669 [main]restUtils-***User sends invalid File upload ***
[INFO ]2023-11-21 02:48:27.715 [main]restUtils-***User sends request with BaseURL***
[INFO ]2023-11-21 02:48:28.856 [main]restUtils-***User sends without uploading file ***
[INFO ]2023-11-21 02:52:20.973 [main]restUtils-***User sends request with BaseURL***
[INFO ]2023-11-21 02:52:28.111 [main]restUtils-***User sends request with BaseURL***
[INFO ]2023-11-21 02:52:30.260 [main]restUtils-***User sends empty first name and last name ***
[INFO ]2023-11-21 02:52:30.287 [main]restUtils-***User sends request with BaseURL***
[INFO ]2023-11-21 02:52:32.035 [main]restUtils-***User sends invalid food category ***
[INFO ]2023-11-21 02:52:32.058 [main]restUtils-***User sends request with BaseURL***
[INFO ]2023-11-21 02:52:34.667 [main]restUtils-***User sends Invalid Contact no and Email ***
[INFO ]2023-11-21 02:52:34.692 [main]restUtils-***User sends request with BaseURL***
[INFO ]2023-11-21 02:52:37.345 [main]restUtils-***User sends Invalid Email and DOB ***
[INFO ]2023-11-21 02:52:37.367 [main]restUtils-***User sends request with BaseURL***
[INFO ]2023-11-21 02:52:39.418 [main]restUtils-***User sends duplicate contact and dateofbirth ***
[INFO ]2023-11-21 02:52:39.437 [main]restUtils-***User sends request with BaseURL***
[INFO ]2023-11-21 02:52:40.545 [main]restUtils-***User sends invalid File upload ***
[INFO ]2023-11-21 02:52:40.573 [main]restUtils-***User sends request with BaseURL***
[INFO ]2023-11-21 02:52:41.835 [main]restUtils-***User sends without uploading file ***
[INFO ]2023-11-21 02:56:44.798 [main]restUtils-***User sends request with BaseURL***
[INFO ]2023-11-21 02:56:52.622 [main]restUtils-***User sends request with BaseURL***
[INFO ]2023-11-21 02:56:55.954 [main]restUtils-***User sends empty first name and last name ***
[INFO ]2023-11-21 02:56:55.981 [main]restUtils-***User sends request with BaseURL***
[INFO ]2023-11-21 02:56:58.248 [main]restUtils-***User sends invalid food category ***
[INFO ]2023-11-21 02:56:58.270 [main]restUtils-***User sends request with BaseURL***
[INFO ]2023-11-21 02:57:02.279 [main]restUtils-***User sends Invalid Contact no and Email ***
[INFO ]2023-11-21 02:57:02.302 [main]restUtils-***User sends request with BaseURL***
[INFO ]2023-11-21 02:57:04.862 [main]restUtils-***User sends Invalid Email and DOB ***
[INFO ]2023-11-21 02:57:04.888 [main]restUtils-***User sends request with BaseURL***
[INFO ]2023-11-21 02:57:06.950 [main]restUtils-***User sends duplicate contact and dateofbirth ***
[INFO ]2023-11-21 02:57:06.970 [main]restUtils-***User sends request with BaseURL***
[INFO ]2023-11-21 02:57:08.279 [main]restUtils-***User sends invalid File upload ***
[INFO ]2023-11-21 02:57:09.120 [main]restUtils-***User sends request with BaseURL***
[INFO ]2023-11-21 02:57:10.465 [main]restUtils-***User sends without uploading file ***
[INFO ]2023-11-21 02:58:06.624 [main]restUtils-***User sends request with BaseURL***
[INFO ]2023-11-21 02:58:14.326 [main]restUtils-***User sends request with BaseURL***
[INFO ]2023-11-21 02:58:16.396 [main]restUtils-***User sends empty first name and last name ***
[INFO ]2023-11-21 02:58:16.423 [main]restUtils-***User sends request with BaseURL***
[INFO ]2023-11-21 02:58:18.355 [main]restUtils-***User sends invalid food category ***
[INFO ]2023-11-21 02:58:18.378 [main]restUtils-***User sends request with BaseURL***
[INFO ]2023-11-21 02:58:22.315 [main]restUtils-***User sends Invalid Contact no and Email ***
[INFO ]2023-11-21 02:58:22.340 [main]restUtils-***User sends request with BaseURL***
[INFO ]2023-11-21 02:58:23.984 [main]restUtils-***User sends Invalid Email and DOB ***
[INFO ]2023-11-21 02:58:24.008 [main]restUtils-***User sends request with BaseURL***
[INFO ]2023-11-21 02:58:25.880 [main]restUtils-***User sends duplicate contact and dateofbirth ***
[INFO ]2023-11-21 02:58:25.896 [main]restUtils-***User sends request with BaseURL***
[INFO ]2023-11-21 02:58:27.266 [main]restUtils-***User sends invalid File upload ***
[INFO ]2023-11-21 02:58:28.061 [main]restUtils-***User sends request with BaseURL***
[INFO ]2023-11-21 02:58:29.401 [main]restUtils-***User sends without uploading file ***
[INFO ]2023-11-21 02:58:30.160 [main]restUtils-***User sends request with BaseURL***
[INFO ]2023-11-21 02:58:30.578 [main]restUtils-***User sends get HTTPS Request ***
[INFO ]2023-11-21 02:58:31.291 [main]restUtils-***User sends request with BaseURL***
[INFO ]2023-11-21 02:58:31.683 [main]restUtils-***User sends get HTTPS Request valid id ***
[INFO ]2023-11-21 02:58:32.420 [main]restUtils-***User sends request with BaseURL***
[INFO ]2023-11-21 02:58:32.876 [main]restUtils-***User sends get HTTPS Request valid fileid ***
[INFO ]2023-11-21 02:58:33.945 [main]restUtils-***User sends request with BaseURL***
[INFO ]2023-11-21 02:58:34.353 [main]restUtils-***User sends put HTTPS Request valid  ***
[INFO ]2023-11-21 02:58:36.311 [main]restUtils-***User sends request with BaseURL***
[INFO ]2023-11-21 02:58:36.741 [main]restUtils-***User sends put HTTPS Request invalid id  ***
[INFO ]2023-11-21 02:58:38.750 [main]restUtils-***User sends request with BaseURL***
[INFO ]2023-11-21 02:58:39.207 [main]restUtils-***User sends put HTTPS Request empty dob  ***
[INFO ]2023-11-21 02:58:40.681 [main]restUtils-***User sends request with BaseURL***
[INFO ]2023-11-21 02:58:41.209 [main]restUtils-***User sends put HTTPS Request incorrect dob  ***
[INFO ]2023-11-21 02:58:43.742 [main]restUtils-***User sends request with BaseURL***
[INFO ]2023-11-21 02:58:44.194 [main]restUtils-***User sends put HTTPS Request email empty  ***
[INFO ]2023-11-21 02:58:46.389 [main]restUtils-***User sends request with BaseURL***
[INFO ]2023-11-21 02:58:46.880 [main]restUtils-***User sends put HTTPS Request incorrect food category  ***
[INFO ]2023-11-21 02:58:48.984 [main]restUtils-***User sends request with BaseURL***
[INFO ]2023-11-21 02:58:49.391 [main]restUtils-***User sends put HTTPS Request incorrect food allergy  ***
[INFO ]2023-11-21 02:58:51.997 [main]restUtils-***User sends request with BaseURL***
[INFO ]2023-11-21 02:58:52.497 [main]restUtils-***User sends put HTTPS Request contact number field empty  ***
[INFO ]2023-11-21 02:58:54.827 [main]restUtils-***User sends request with BaseURL***
[INFO ]2023-11-21 02:58:55.207 [main]restUtils-***User sends delete HTTPS Request with valid patientid  ***
[INFO ]2023-11-21 02:58:56.018 [main]restUtils-***User sends request with BaseURL***
[INFO ]2023-11-21 02:58:56.402 [main]restUtils-***User sends request with BaseURL***
[INFO ]2023-11-21 02:58:56.799 [main]restUtils-***User sends delete HTTPS Request with invalid patientid  ***
